\BOOKMARK [0][-]{section*.1}{Innhold:}{}% 1
\BOOKMARK [0][-]{chapter.1}{Forklaring av denne boka}{}% 2
\BOOKMARK [1][-]{section.1.1}{Versjon 0.5}{chapter.1}% 3
\BOOKMARK [1][-]{section.1.2}{Sjekklistene}{chapter.1}% 4
\BOOKMARK [0][-]{chapter.2}{Hvorfor gj\370r vi dette?}{}% 5
\BOOKMARK [1][-]{section.2.1}{Praktiske ting f\370r vakten begynner}{chapter.2}% 6
\BOOKMARK [0][-]{chapter.3}{S\345 var det over for denne gang}{}% 7
\BOOKMARK [1][-]{section.3.1}{F\370r du g\345r...}{chapter.3}% 8
\BOOKMARK [0][-]{appendix.A}{N\345r legevakten begynner}{}% 9
\BOOKMARK [1][-]{section.A.1}{Kontoret, dataen og hvilerommet}{appendix.A}% 10
\BOOKMARK [1][-]{section.A.2}{Sykepleier}{appendix.A}% 11
\BOOKMARK [1][-]{section.A.3}{N\370dnett og AMK}{appendix.A}% 12
\BOOKMARK [1][-]{section.A.4}{Samarbeid f\370r vakt}{appendix.A}% 13
\BOOKMARK [0][-]{appendix.B}{Etter legevakta}{}% 14
\BOOKMARK [1][-]{section.B.1}{Regnskap}{appendix.B}% 15
\BOOKMARK [1][-]{section.B.2}{Neste vakt}{appendix.B}% 16
\BOOKMARK [1][-]{section.B.3}{Tilbakemeldinger}{appendix.B}% 17
\BOOKMARK [0][-]{appendix.C}{Medisinske huskelister}{}% 18
\BOOKMARK [1][-]{section.C.1}{Akuttmedisin}{appendix.C}% 19
\BOOKMARK [1][-]{section.C.2}{Sutur}{appendix.C}% 20
\BOOKMARK [1][-]{section.C.3}{EKG, brystsmerter}{appendix.C}% 21
\BOOKMARK [1][-]{section.C.4}{Hjernerystelse/commotio}{appendix.C}% 22
\BOOKMARK [1][-]{section.C.5}{Slag/Apoplex}{appendix.C}% 23
\BOOKMARK [1][-]{section.C.6}{DVT}{appendix.C}% 24
\BOOKMARK [1][-]{section.C.7}{Magesmerter}{appendix.C}% 25
\BOOKMARK [1][-]{section.C.8}{psykiatri}{appendix.C}% 26
\BOOKMARK [0][-]{appendix.D}{D\370dsfall}{}% 27
\BOOKMARK [1][-]{section.D.1}{D\370dsattesten}{appendix.D}% 28
\BOOKMARK [1][-]{section.D.2}{P\345r\370rende}{appendix.D}% 29
\BOOKMARK [1][-]{section.D.3}{Obduksjon}{appendix.D}% 30
\BOOKMARK [1][-]{section.D.4}{Begravelsesbyr\345}{appendix.D}% 31
\BOOKMARK [0][-]{appendix.E}{Datatr\370bbel}{}% 32
\BOOKMARK [1][-]{section.E.1}{innloggingsproblemer}{appendix.E}% 33
\BOOKMARK [1][-]{section.E.2}{Buypasskort virker ikke}{appendix.E}% 34
\BOOKMARK [1][-]{section.E.3}{E resept virker ikke}{appendix.E}% 35
\BOOKMARK [1][-]{section.E.4}{F\345r ikke sendt oppgj\370r}{appendix.E}% 36
\BOOKMARK [1][-]{section.E.5}{sykemelding virker ikke}{appendix.E}% 37
\BOOKMARK [0][-]{appendix.F}{N\345r store ulykker skjer}{}% 38
\BOOKMARK [1][-]{section.F.1}{Personlige tragedier}{appendix.F}% 39
\BOOKMARK [1][-]{section.F.2}{Mange involverte}{appendix.F}% 40
\BOOKMARK [0][-]{appendix.G}{Vold og trusler}{}% 41
\BOOKMARK [1][-]{section.G.1}{Anmeldelse}{appendix.G}% 42
\BOOKMARK [1][-]{section.G.2}{Hvis noen er fysisk eller psykisk skadd}{appendix.G}% 43
\BOOKMARK [1][-]{section.G.3}{Matrielle skader}{appendix.G}% 44
\BOOKMARK [1][-]{section.G.4}{Muntlige trusler}{appendix.G}% 45
\BOOKMARK [0][-]{appendix.H}{Telefon og epost}{}% 46
\BOOKMARK [1][-]{section.H.1}{AMK, Brann og politi}{appendix.H}% 47
\BOOKMARK [1][-]{section.H.2}{Sykehus og hjemmetjeneste}{appendix.H}% 48
\BOOKMARK [1][-]{section.H.3}{Eposter til fastlegene}{appendix.H}% 49
\BOOKMARK [0][-]{section*.14}{Kilder:}{}% 50
\BOOKMARK [0][-]{section*.15}{Oversikt over tableller og bilder:}{}% 51
